  main.cpp
G:\KUET\4-2\Graphics lab\hw_3_tex\HW_3\HW_3\Lighting Student Version\BezierCurve.h(111,37): warning C4244: 'initializing': conversion from 'double' to 'float', possible loss of data
  (compiling source file 'main.cpp')
  
G:\KUET\4-2\Graphics lab\hw_3_tex\HW_3\HW_3\Lighting Student Version\BezierCurve.h(111,28): warning C4244: 'initializing': conversion from 'double' to 'const float', possible loss of data
  (compiling source file 'main.cpp')
  
G:\KUET\4-2\Graphics lab\hw_3_tex\HW_3\HW_3\Lighting Student Version\BezierCurve.h(114,18): warning C4244: 'initializing': conversion from 'double' to 'float', possible loss of data
  (compiling source file 'main.cpp')
  
G:\KUET\4-2\Graphics lab\hw_3_tex\HW_3\HW_3\Lighting Student Version\BezierCurve.h(124,29): warning C4244: '=': conversion from 'double' to 'float', possible loss of data
  (compiling source file 'main.cpp')
  
G:\KUET\4-2\Graphics lab\hw_3_tex\HW_3\HW_3\Lighting Student Version\BezierCurve.h(132,23): warning C4244: '=': conversion from 'double' to 'float', possible loss of data
  (compiling source file 'main.cpp')
  
G:\KUET\4-2\Graphics lab\hw_3_tex\HW_3\HW_3\Lighting Student Version\BezierCurve.h(133,23): warning C4244: '=': conversion from 'double' to 'float', possible loss of data
  (compiling source file 'main.cpp')
  
G:\KUET\4-2\Graphics lab\hw_3_tex\HW_3\HW_3\Lighting Student Version\sphere.h(177,26): warning C4244: 'initializing': conversion from 'double' to 'float', possible loss of data
  (compiling source file 'main.cpp')
  
G:\KUET\4-2\Graphics lab\hw_3_tex\HW_3\HW_3\Lighting Student Version\sphere.h(178,25): warning C4244: 'initializing': conversion from 'double' to 'float', possible loss of data
  (compiling source file 'main.cpp')
  
G:\KUET\4-2\Graphics lab\hw_3_tex\HW_3\HW_3\Lighting Student Version\sphere.h(180,26): warning C4244: 'initializing': conversion from 'double' to 'float', possible loss of data
  (compiling source file 'main.cpp')
  
G:\KUET\4-2\Graphics lab\hw_3_tex\HW_3\HW_3\Lighting Student Version\sphere.h(470,26): warning C4244: 'initializing': conversion from 'double' to 'float', possible loss of data
  (compiling source file 'main.cpp')
  
G:\KUET\4-2\Graphics lab\hw_3_tex\HW_3\HW_3\Lighting Student Version\sphere.h(471,25): warning C4244: 'initializing': conversion from 'double' to 'float', possible loss of data
  (compiling source file 'main.cpp')
  
G:\KUET\4-2\Graphics lab\hw_3_tex\HW_3\HW_3\Lighting Student Version\sphere.h(473,26): warning C4305: 'initializing': truncation from 'double' to 'float'
  (compiling source file 'main.cpp')
  
G:\KUET\4-2\Graphics lab\hw_3_tex\HW_3\HW_3\Lighting Student Version\sphere.h(746,26): warning C4244: 'initializing': conversion from 'double' to 'float', possible loss of data
  (compiling source file 'main.cpp')
  
G:\KUET\4-2\Graphics lab\hw_3_tex\HW_3\HW_3\Lighting Student Version\sphere.h(747,25): warning C4244: 'initializing': conversion from 'double' to 'float', possible loss of data
  (compiling source file 'main.cpp')
  
G:\KUET\4-2\Graphics lab\hw_3_tex\HW_3\HW_3\Lighting Student Version\sphere.h(749,26): warning C4244: 'initializing': conversion from 'double' to 'float', possible loss of data
  (compiling source file 'main.cpp')
  
G:\KUET\4-2\Graphics lab\hw_3_tex\HW_3\HW_3\Lighting Student Version\sphere.h(809,49): warning C4305: 'argument': truncation from 'double' to 'float'
  (compiling source file 'main.cpp')
  
G:\KUET\4-2\Graphics lab\hw_3_tex\HW_3\HW_3\Lighting Student Version\sphere.h(819,53): warning C4305: 'argument': truncation from 'double' to 'float'
  (compiling source file 'main.cpp')
  
G:\KUET\4-2\Graphics lab\hw_3_tex\HW_3\HW_3\Lighting Student Version\sphere.h(828,32): warning C4267: 'initializing': conversion from 'size_t' to 'int', possible loss of data
  (compiling source file 'main.cpp')
  
G:\KUET\4-2\Graphics lab\hw_3_tex\HW_3\HW_3\Lighting Student Version\sphere.h(829,35): warning C4267: 'initializing': conversion from 'size_t' to 'int', possible loss of data
  (compiling source file 'main.cpp')
  
G:\KUET\4-2\Graphics lab\hw_3_tex\HW_3\HW_3\Lighting Student Version\sphere.h(743,24): warning C4101: 'xz': unreferenced local variable
  (compiling source file 'main.cpp')
  
G:\KUET\4-2\Graphics lab\hw_3_tex\HW_3\HW_3\Lighting Student Version\sphere.h(1062,26): warning C4244: 'initializing': conversion from 'double' to 'float', possible loss of data
  (compiling source file 'main.cpp')
  
G:\KUET\4-2\Graphics lab\hw_3_tex\HW_3\HW_3\Lighting Student Version\sphere.h(1093,23): warning C4267: 'initializing': conversion from 'size_t' to 'int', possible loss of data
  (compiling source file 'main.cpp')
  
G:\KUET\4-2\Graphics lab\hw_3_tex\HW_3\HW_3\Lighting Student Version\sphere.h(1351,76): warning C4305: 'initializing': truncation from 'double' to 'float'
  (compiling source file 'main.cpp')
  
G:\KUET\4-2\Graphics lab\hw_3_tex\HW_3\HW_3\Lighting Student Version\sphere.h(1352,26): warning C4244: 'initializing': conversion from 'double' to 'float', possible loss of data
  (compiling source file 'main.cpp')
  
G:\KUET\4-2\Graphics lab\hw_3_tex\HW_3\HW_3\Lighting Student Version\sphere.h(1406,31): warning C4267: 'initializing': conversion from 'size_t' to 'int', possible loss of data
  (compiling source file 'main.cpp')
  
G:\KUET\4-2\Graphics lab\hw_3_tex\HW_3\HW_3\Lighting Student Version\sphere.h(1417,28): warning C4267: 'initializing': conversion from 'size_t' to 'int', possible loss of data
  (compiling source file 'main.cpp')
  
G:\KUET\4-2\Graphics lab\hw_3_tex\HW_3\HW_3\Lighting Student Version\sphere.h(1639,26): warning C4244: 'initializing': conversion from 'double' to 'float', possible loss of data
  (compiling source file 'main.cpp')
  
G:\KUET\4-2\Graphics lab\hw_3_tex\HW_3\HW_3\Lighting Student Version\sphere.h(1640,25): warning C4244: 'initializing': conversion from 'double' to 'float', possible loss of data
  (compiling source file 'main.cpp')
  
G:\KUET\4-2\Graphics lab\hw_3_tex\HW_3\HW_3\Lighting Student Version\sphere.h(1642,26): warning C4244: 'initializing': conversion from 'double' to 'float', possible loss of data
  (compiling source file 'main.cpp')
  
G:\KUET\4-2\Graphics lab\hw_3_tex\HW_3\HW_3\Lighting Student Version\sphere.h(1869,26): warning C4244: 'initializing': conversion from 'double' to 'float', possible loss of data
  (compiling source file 'main.cpp')
  
G:\KUET\4-2\Graphics lab\hw_3_tex\HW_3\HW_3\Lighting Student Version\sphere.h(1870,25): warning C4244: 'initializing': conversion from 'double' to 'float', possible loss of data
  (compiling source file 'main.cpp')
  
G:\KUET\4-2\Graphics lab\hw_3_tex\HW_3\HW_3\Lighting Student Version\sphere.h(1872,26): warning C4244: 'initializing': conversion from 'double' to 'float', possible loss of data
  (compiling source file 'main.cpp')
  
G:\KUET\4-2\Graphics lab\hw_3_tex\HW_3\HW_3\Lighting Student Version\sphere.h(1865,24): warning C4101: 'xz': unreferenced local variable
  (compiling source file 'main.cpp')
  
G:\KUET\4-2\Graphics lab\hw_3_tex\HW_3\HW_3\Lighting Student Version\sphere.h(2209,26): warning C4244: 'initializing': conversion from 'double' to 'float', possible loss of data
  (compiling source file 'main.cpp')
  
G:\KUET\4-2\Graphics lab\hw_3_tex\HW_3\HW_3\Lighting Student Version\sphere.h(2252,23): warning C4267: 'initializing': conversion from 'size_t' to 'int', possible loss of data
  (compiling source file 'main.cpp')
  
G:\KUET\4-2\Graphics lab\hw_3_tex\HW_3\HW_3\Lighting Student Version\sphere.h(2514,26): warning C4244: 'initializing': conversion from 'double' to 'float', possible loss of data
  (compiling source file 'main.cpp')
  
G:\KUET\4-2\Graphics lab\hw_3_tex\HW_3\HW_3\Lighting Student Version\sphere.h(2787,26): warning C4244: 'initializing': conversion from 'double' to 'float', possible loss of data
  (compiling source file 'main.cpp')
  
G:\KUET\4-2\Graphics lab\hw_3_tex\HW_3\HW_3\Lighting Student Version\sphere.h(2788,25): warning C4244: 'initializing': conversion from 'double' to 'float', possible loss of data
  (compiling source file 'main.cpp')
  
G:\KUET\4-2\Graphics lab\hw_3_tex\HW_3\HW_3\Lighting Student Version\main.cpp(170,44): warning C4305: 'initializing': truncation from 'double' to 'float'
G:\KUET\4-2\Graphics lab\hw_3_tex\HW_3\HW_3\Lighting Student Version\main.cpp(410,5): warning C4305: 'initializing': truncation from 'double' to 'GLfloat'
G:\KUET\4-2\Graphics lab\hw_3_tex\HW_3\HW_3\Lighting Student Version\main.cpp(410,12): warning C4305: 'initializing': truncation from 'double' to 'GLfloat'
G:\KUET\4-2\Graphics lab\hw_3_tex\HW_3\HW_3\Lighting Student Version\main.cpp(411,5): warning C4305: 'initializing': truncation from 'double' to 'GLfloat'
G:\KUET\4-2\Graphics lab\hw_3_tex\HW_3\HW_3\Lighting Student Version\main.cpp(411,12): warning C4305: 'initializing': truncation from 'double' to 'GLfloat'
G:\KUET\4-2\Graphics lab\hw_3_tex\HW_3\HW_3\Lighting Student Version\main.cpp(412,5): warning C4305: 'initializing': truncation from 'double' to 'GLfloat'
G:\KUET\4-2\Graphics lab\hw_3_tex\HW_3\HW_3\Lighting Student Version\main.cpp(412,13): warning C4305: 'initializing': truncation from 'double' to 'GLfloat'
G:\KUET\4-2\Graphics lab\hw_3_tex\HW_3\HW_3\Lighting Student Version\main.cpp(413,5): warning C4305: 'initializing': truncation from 'double' to 'GLfloat'
G:\KUET\4-2\Graphics lab\hw_3_tex\HW_3\HW_3\Lighting Student Version\main.cpp(413,13): warning C4305: 'initializing': truncation from 'double' to 'GLfloat'
G:\KUET\4-2\Graphics lab\hw_3_tex\HW_3\HW_3\Lighting Student Version\main.cpp(414,11): warning C4305: 'initializing': truncation from 'double' to 'GLfloat'
G:\KUET\4-2\Graphics lab\hw_3_tex\HW_3\HW_3\Lighting Student Version\main.cpp(593,29): warning C4244: 'initializing': conversion from 'double' to 'float', possible loss of data
G:\KUET\4-2\Graphics lab\hw_3_tex\HW_3\HW_3\Lighting Student Version\main.cpp(774,30): warning C4305: '+=': truncation from 'double' to 'float'
G:\KUET\4-2\Graphics lab\hw_3_tex\HW_3\HW_3\Lighting Student Version\main.cpp(775,34): warning C4305: '-=': truncation from 'double' to 'float'
G:\KUET\4-2\Graphics lab\hw_3_tex\HW_3\HW_3\Lighting Student Version\main.cpp(827,20): warning C4305: 'initializing': truncation from 'double' to 'float'
G:\KUET\4-2\Graphics lab\hw_3_tex\HW_3\HW_3\Lighting Student Version\main.cpp(865,15): warning C4305: '=': truncation from 'double' to 'float'
G:\KUET\4-2\Graphics lab\hw_3_tex\HW_3\HW_3\Lighting Student Version\main.cpp(1000,64): warning C4305: 'argument': truncation from 'double' to 'float'
G:\KUET\4-2\Graphics lab\hw_3_tex\HW_3\HW_3\Lighting Student Version\main.cpp(1000,57): warning C4305: 'argument': truncation from 'double' to 'float'
G:\KUET\4-2\Graphics lab\hw_3_tex\HW_3\HW_3\Lighting Student Version\main.cpp(1000,50): warning C4305: 'argument': truncation from 'double' to 'float'
G:\KUET\4-2\Graphics lab\hw_3_tex\HW_3\HW_3\Lighting Student Version\main.cpp(1006,64): warning C4305: 'argument': truncation from 'double' to 'float'
G:\KUET\4-2\Graphics lab\hw_3_tex\HW_3\HW_3\Lighting Student Version\main.cpp(1006,57): warning C4305: 'argument': truncation from 'double' to 'float'
G:\KUET\4-2\Graphics lab\hw_3_tex\HW_3\HW_3\Lighting Student Version\main.cpp(1006,50): warning C4305: 'argument': truncation from 'double' to 'float'
G:\KUET\4-2\Graphics lab\hw_3_tex\HW_3\HW_3\Lighting Student Version\main.cpp(1023,64): warning C4305: 'argument': truncation from 'double' to 'float'
G:\KUET\4-2\Graphics lab\hw_3_tex\HW_3\HW_3\Lighting Student Version\main.cpp(1023,57): warning C4305: 'argument': truncation from 'double' to 'float'
G:\KUET\4-2\Graphics lab\hw_3_tex\HW_3\HW_3\Lighting Student Version\main.cpp(1023,50): warning C4305: 'argument': truncation from 'double' to 'float'
G:\KUET\4-2\Graphics lab\hw_3_tex\HW_3\HW_3\Lighting Student Version\main.cpp(1029,64): warning C4305: 'argument': truncation from 'double' to 'float'
G:\KUET\4-2\Graphics lab\hw_3_tex\HW_3\HW_3\Lighting Student Version\main.cpp(1029,57): warning C4305: 'argument': truncation from 'double' to 'float'
G:\KUET\4-2\Graphics lab\hw_3_tex\HW_3\HW_3\Lighting Student Version\main.cpp(1029,50): warning C4305: 'argument': truncation from 'double' to 'float'
G:\KUET\4-2\Graphics lab\hw_3_tex\HW_3\HW_3\Lighting Student Version\main.cpp(1033,45): warning C4305: 'initializing': truncation from 'double' to 'float'
G:\KUET\4-2\Graphics lab\hw_3_tex\HW_3\HW_3\Lighting Student Version\main.cpp(1073,43): warning C4305: '=': truncation from 'double' to 'float'
G:\KUET\4-2\Graphics lab\hw_3_tex\HW_3\HW_3\Lighting Student Version\main.cpp(1289,16): warning C4305: 'initializing': truncation from 'double' to 'float'
G:\KUET\4-2\Graphics lab\hw_3_tex\HW_3\HW_3\Lighting Student Version\main.cpp(1321,16): warning C4305: '+=': truncation from 'double' to 'float'
G:\KUET\4-2\Graphics lab\hw_3_tex\HW_3\HW_3\Lighting Student Version\main.cpp(1495,20): warning C4244: '=': conversion from 'double' to 'float', possible loss of data
G:\KUET\4-2\Graphics lab\hw_3_tex\HW_3\HW_3\Lighting Student Version\main.cpp(1539,52): warning C4267: 'argument': conversion from 'size_t' to 'GLsizei', possible loss of data
G:\KUET\4-2\Graphics lab\hw_3_tex\HW_3\HW_3\Lighting Student Version\main.cpp(1551,51): warning C4267: 'argument': conversion from 'size_t' to 'GLsizei', possible loss of data
G:\KUET\4-2\Graphics lab\hw_3_tex\HW_3\HW_3\Lighting Student Version\main.cpp(1676,60): warning C4305: 'argument': truncation from 'double' to 'float'
G:\KUET\4-2\Graphics lab\hw_3_tex\HW_3\HW_3\Lighting Student Version\main.cpp(1676,53): warning C4305: 'argument': truncation from 'double' to 'float'
G:\KUET\4-2\Graphics lab\hw_3_tex\HW_3\HW_3\Lighting Student Version\main.cpp(1676,46): warning C4305: 'argument': truncation from 'double' to 'float'
G:\KUET\4-2\Graphics lab\hw_3_tex\HW_3\HW_3\Lighting Student Version\main.cpp(1682,60): warning C4305: 'argument': truncation from 'double' to 'float'
G:\KUET\4-2\Graphics lab\hw_3_tex\HW_3\HW_3\Lighting Student Version\main.cpp(1682,53): warning C4305: 'argument': truncation from 'double' to 'float'
G:\KUET\4-2\Graphics lab\hw_3_tex\HW_3\HW_3\Lighting Student Version\main.cpp(1682,46): warning C4305: 'argument': truncation from 'double' to 'float'
G:\KUET\4-2\Graphics lab\hw_3_tex\HW_3\HW_3\Lighting Student Version\main.cpp(1686,60): warning C4305: 'argument': truncation from 'double' to 'float'
G:\KUET\4-2\Graphics lab\hw_3_tex\HW_3\HW_3\Lighting Student Version\main.cpp(1686,53): warning C4305: 'argument': truncation from 'double' to 'float'
G:\KUET\4-2\Graphics lab\hw_3_tex\HW_3\HW_3\Lighting Student Version\main.cpp(1686,46): warning C4305: 'argument': truncation from 'double' to 'float'
G:\KUET\4-2\Graphics lab\hw_3_tex\HW_3\HW_3\Lighting Student Version\main.cpp(1691,60): warning C4305: 'argument': truncation from 'double' to 'float'
G:\KUET\4-2\Graphics lab\hw_3_tex\HW_3\HW_3\Lighting Student Version\main.cpp(1691,53): warning C4305: 'argument': truncation from 'double' to 'float'
G:\KUET\4-2\Graphics lab\hw_3_tex\HW_3\HW_3\Lighting Student Version\main.cpp(1691,46): warning C4305: 'argument': truncation from 'double' to 'float'
G:\KUET\4-2\Graphics lab\hw_3_tex\HW_3\HW_3\Lighting Student Version\main.cpp(1697,60): warning C4305: 'argument': truncation from 'double' to 'float'
G:\KUET\4-2\Graphics lab\hw_3_tex\HW_3\HW_3\Lighting Student Version\main.cpp(1697,53): warning C4305: 'argument': truncation from 'double' to 'float'
G:\KUET\4-2\Graphics lab\hw_3_tex\HW_3\HW_3\Lighting Student Version\main.cpp(1697,46): warning C4305: 'argument': truncation from 'double' to 'float'
G:\KUET\4-2\Graphics lab\hw_3_tex\HW_3\HW_3\Lighting Student Version\main.cpp(1702,60): warning C4305: 'argument': truncation from 'double' to 'float'
G:\KUET\4-2\Graphics lab\hw_3_tex\HW_3\HW_3\Lighting Student Version\main.cpp(1702,53): warning C4305: 'argument': truncation from 'double' to 'float'
G:\KUET\4-2\Graphics lab\hw_3_tex\HW_3\HW_3\Lighting Student Version\main.cpp(1702,46): warning C4305: 'argument': truncation from 'double' to 'float'
G:\KUET\4-2\Graphics lab\hw_3_tex\HW_3\HW_3\Lighting Student Version\main.cpp(1709,60): warning C4305: 'argument': truncation from 'double' to 'float'
G:\KUET\4-2\Graphics lab\hw_3_tex\HW_3\HW_3\Lighting Student Version\main.cpp(1709,53): warning C4305: 'argument': truncation from 'double' to 'float'
G:\KUET\4-2\Graphics lab\hw_3_tex\HW_3\HW_3\Lighting Student Version\main.cpp(1709,46): warning C4305: 'argument': truncation from 'double' to 'float'
G:\KUET\4-2\Graphics lab\hw_3_tex\HW_3\HW_3\Lighting Student Version\main.cpp(1715,60): warning C4305: 'argument': truncation from 'double' to 'float'
G:\KUET\4-2\Graphics lab\hw_3_tex\HW_3\HW_3\Lighting Student Version\main.cpp(1715,53): warning C4305: 'argument': truncation from 'double' to 'float'
G:\KUET\4-2\Graphics lab\hw_3_tex\HW_3\HW_3\Lighting Student Version\main.cpp(1715,46): warning C4305: 'argument': truncation from 'double' to 'float'
G:\KUET\4-2\Graphics lab\hw_3_tex\HW_3\HW_3\Lighting Student Version\main.cpp(1721,60): warning C4305: 'argument': truncation from 'double' to 'float'
G:\KUET\4-2\Graphics lab\hw_3_tex\HW_3\HW_3\Lighting Student Version\main.cpp(1721,53): warning C4305: 'argument': truncation from 'double' to 'float'
G:\KUET\4-2\Graphics lab\hw_3_tex\HW_3\HW_3\Lighting Student Version\main.cpp(1721,46): warning C4305: 'argument': truncation from 'double' to 'float'
G:\KUET\4-2\Graphics lab\hw_3_tex\HW_3\HW_3\Lighting Student Version\main.cpp(1760,60): warning C4305: 'argument': truncation from 'double' to 'float'
G:\KUET\4-2\Graphics lab\hw_3_tex\HW_3\HW_3\Lighting Student Version\main.cpp(1760,53): warning C4305: 'argument': truncation from 'double' to 'float'
G:\KUET\4-2\Graphics lab\hw_3_tex\HW_3\HW_3\Lighting Student Version\main.cpp(1760,46): warning C4305: 'argument': truncation from 'double' to 'float'
G:\KUET\4-2\Graphics lab\hw_3_tex\HW_3\HW_3\Lighting Student Version\main.cpp(1766,60): warning C4305: 'argument': truncation from 'double' to 'float'
G:\KUET\4-2\Graphics lab\hw_3_tex\HW_3\HW_3\Lighting Student Version\main.cpp(1766,53): warning C4305: 'argument': truncation from 'double' to 'float'
G:\KUET\4-2\Graphics lab\hw_3_tex\HW_3\HW_3\Lighting Student Version\main.cpp(1766,46): warning C4305: 'argument': truncation from 'double' to 'float'
G:\KUET\4-2\Graphics lab\hw_3_tex\HW_3\HW_3\Lighting Student Version\main.cpp(1771,60): warning C4305: 'argument': truncation from 'double' to 'float'
G:\KUET\4-2\Graphics lab\hw_3_tex\HW_3\HW_3\Lighting Student Version\main.cpp(1771,53): warning C4305: 'argument': truncation from 'double' to 'float'
G:\KUET\4-2\Graphics lab\hw_3_tex\HW_3\HW_3\Lighting Student Version\main.cpp(1771,46): warning C4305: 'argument': truncation from 'double' to 'float'
G:\KUET\4-2\Graphics lab\hw_3_tex\HW_3\HW_3\Lighting Student Version\main.cpp(1776,60): warning C4305: 'argument': truncation from 'double' to 'float'
G:\KUET\4-2\Graphics lab\hw_3_tex\HW_3\HW_3\Lighting Student Version\main.cpp(1776,53): warning C4305: 'argument': truncation from 'double' to 'float'
G:\KUET\4-2\Graphics lab\hw_3_tex\HW_3\HW_3\Lighting Student Version\main.cpp(1776,46): warning C4305: 'argument': truncation from 'double' to 'float'
G:\KUET\4-2\Graphics lab\hw_3_tex\HW_3\HW_3\Lighting Student Version\main.cpp(1781,60): warning C4305: 'argument': truncation from 'double' to 'float'
G:\KUET\4-2\Graphics lab\hw_3_tex\HW_3\HW_3\Lighting Student Version\main.cpp(1781,53): warning C4305: 'argument': truncation from 'double' to 'float'
G:\KUET\4-2\Graphics lab\hw_3_tex\HW_3\HW_3\Lighting Student Version\main.cpp(1781,46): warning C4305: 'argument': truncation from 'double' to 'float'
G:\KUET\4-2\Graphics lab\hw_3_tex\HW_3\HW_3\Lighting Student Version\main.cpp(1786,60): warning C4305: 'argument': truncation from 'double' to 'float'
G:\KUET\4-2\Graphics lab\hw_3_tex\HW_3\HW_3\Lighting Student Version\main.cpp(1786,53): warning C4305: 'argument': truncation from 'double' to 'float'
G:\KUET\4-2\Graphics lab\hw_3_tex\HW_3\HW_3\Lighting Student Version\main.cpp(1786,46): warning C4305: 'argument': truncation from 'double' to 'float'
G:\KUET\4-2\Graphics lab\hw_3_tex\HW_3\HW_3\Lighting Student Version\main.cpp(1817,22): warning C4305: 'initializing': truncation from 'double' to 'float'
G:\KUET\4-2\Graphics lab\hw_3_tex\HW_3\HW_3\Lighting Student Version\main.cpp(1820,23): warning C4305: 'initializing': truncation from 'double' to 'float'
G:\KUET\4-2\Graphics lab\hw_3_tex\HW_3\HW_3\Lighting Student Version\main.cpp(1821,24): warning C4305: 'initializing': truncation from 'double' to 'float'
G:\KUET\4-2\Graphics lab\hw_3_tex\HW_3\HW_3\Lighting Student Version\main.cpp(1822,24): warning C4305: 'initializing': truncation from 'double' to 'float'
G:\KUET\4-2\Graphics lab\hw_3_tex\HW_3\HW_3\Lighting Student Version\main.cpp(1823,25): warning C4305: 'initializing': truncation from 'double' to 'float'
G:\KUET\4-2\Graphics lab\hw_3_tex\HW_3\HW_3\Lighting Student Version\main.cpp(1824,22): warning C4305: 'initializing': truncation from 'double' to 'float'
G:\KUET\4-2\Graphics lab\hw_3_tex\HW_3\HW_3\Lighting Student Version\main.cpp(1834,60): warning C4305: 'argument': truncation from 'double' to 'float'
G:\KUET\4-2\Graphics lab\hw_3_tex\HW_3\HW_3\Lighting Student Version\main.cpp(1834,53): warning C4305: 'argument': truncation from 'double' to 'float'
G:\KUET\4-2\Graphics lab\hw_3_tex\HW_3\HW_3\Lighting Student Version\main.cpp(1834,46): warning C4305: 'argument': truncation from 'double' to 'float'
G:\KUET\4-2\Graphics lab\hw_3_tex\HW_3\HW_3\Lighting Student Version\main.cpp(1845,60): warning C4305: 'argument': truncation from 'double' to 'float'
G:\KUET\4-2\Graphics lab\hw_3_tex\HW_3\HW_3\Lighting Student Version\main.cpp(1845,53): warning C4305: 'argument': truncation from 'double' to 'float'
G:\KUET\4-2\Graphics lab\hw_3_tex\HW_3\HW_3\Lighting Student Version\main.cpp(1845,46): warning C4305: 'argument': truncation from 'double' to 'float'
G:\KUET\4-2\Graphics lab\hw_3_tex\HW_3\HW_3\Lighting Student Version\main.cpp(1856,49): warning C4305: 'argument': truncation from 'double' to 'float'
G:\KUET\4-2\Graphics lab\hw_3_tex\HW_3\HW_3\Lighting Student Version\main.cpp(1867,49): warning C4305: 'argument': truncation from 'double' to 'float'
G:\KUET\4-2\Graphics lab\hw_3_tex\HW_3\HW_3\Lighting Student Version\main.cpp(1878,60): warning C4305: 'argument': truncation from 'double' to 'float'
G:\KUET\4-2\Graphics lab\hw_3_tex\HW_3\HW_3\Lighting Student Version\main.cpp(1878,53): warning C4305: 'argument': truncation from 'double' to 'float'
G:\KUET\4-2\Graphics lab\hw_3_tex\HW_3\HW_3\Lighting Student Version\main.cpp(1878,46): warning C4305: 'argument': truncation from 'double' to 'float'
G:\KUET\4-2\Graphics lab\hw_3_tex\HW_3\HW_3\Lighting Student Version\main.cpp(1889,60): warning C4305: 'argument': truncation from 'double' to 'float'
G:\KUET\4-2\Graphics lab\hw_3_tex\HW_3\HW_3\Lighting Student Version\main.cpp(1889,53): warning C4305: 'argument': truncation from 'double' to 'float'
G:\KUET\4-2\Graphics lab\hw_3_tex\HW_3\HW_3\Lighting Student Version\main.cpp(1889,46): warning C4305: 'argument': truncation from 'double' to 'float'
G:\KUET\4-2\Graphics lab\hw_3_tex\HW_3\HW_3\Lighting Student Version\main.cpp(1915,44): warning C4305: '-=': truncation from 'double' to 'float'
G:\KUET\4-2\Graphics lab\hw_3_tex\HW_3\HW_3\Lighting Student Version\main.cpp(1916,49): warning C4305: '-=': truncation from 'double' to 'float'
G:\KUET\4-2\Graphics lab\hw_3_tex\HW_3\HW_3\Lighting Student Version\main.cpp(1917,31): warning C4305: '-=': truncation from 'double' to 'float'
  Lighting.vcxproj -> G:\KUET\4-2\Graphics lab\hw_3_tex\HW_3\HW_3\Lighting Student Version\x64\Debug\Lighting.exe
